[11/30/2021 15:38:31.288 train.py: 64] Trading Object:           ^GSPC_2010-2015
[11/30/2021 15:38:31.288 train.py: 65] Trading Period:           1509 days
[11/30/2021 15:38:31.288 train.py: 66] Window Size:              10 days
[11/30/2021 15:38:31.288 train.py: 67] Training Episode:         10
[11/30/2021 15:38:31.288 train.py: 68] Model Name:               DQN
[11/30/2021 15:38:31.288 train.py: 69] Initial Portfolio Value: $50,000
[11/30/2021 15:38:31.288 train.py: 73] 
Episode: 1/10
[11/30/2021 15:38:31.347 train.py: 94] Step: 1	Hold signal: 0.1068 	Buy signal: 0.2155 	Sell signal: 0.6777
[11/30/2021 15:38:31.348 train.py: 95] 		'Buy' is an exploration.
[11/30/2021 15:38:31.348 train.py:110] Buy: $1136.52
[11/30/2021 15:38:31.365 train.py: 94] Step: 2	Hold signal: 0.1062 	Buy signal: 0.2222 	Sell signal: 0.6716
[11/30/2021 15:38:31.365 train.py: 95] 		'Buy' is an exploration.
[11/30/2021 15:38:31.365 train.py:110] Buy: $1137.14
[11/30/2021 15:38:31.382 train.py: 94] Step: 3	Hold signal: 0.1198 	Buy signal: 0.4301 	Sell signal: 0.45
[11/30/2021 15:38:31.382 train.py:110] Sell: $1141.69 | Profit: $5.17
[11/30/2021 15:38:31.403 train.py: 94] Step: 4	Hold signal: 0.1157 	Buy signal: 0.4531 	Sell signal: 0.4312
[11/30/2021 15:38:31.403 train.py: 95] 		'Sell' is an exploration.
[11/30/2021 15:38:31.403 train.py:110] Sell: $1144.98 | Profit: $7.84
[11/30/2021 15:38:31.420 train.py: 94] Step: 5	Hold signal: 0.1182 	Buy signal: 0.438 	Sell signal: 0.4438
[11/30/2021 15:38:31.439 train.py: 94] Step: 6	Hold signal: 0.1139 	Buy signal: 0.2308 	Sell signal: 0.6553
[11/30/2021 15:38:31.459 train.py: 94] Step: 7	Hold signal: 0.1076 	Buy signal: 0.2266 	Sell signal: 0.6657
[11/30/2021 15:38:31.459 train.py: 95] 		'Hold' is an exploration.
[11/30/2021 15:38:31.478 train.py: 94] Step: 8	Hold signal: 0.1004 	Buy signal: 0.2177 	Sell signal: 0.6819
[11/30/2021 15:38:31.498 train.py: 94] Step: 9	Hold signal: 0.1057 	Buy signal: 0.2319 	Sell signal: 0.6624
[11/30/2021 15:38:31.517 train.py: 94] Step: 10	Hold signal: 0.1536 	Buy signal: 0.2631 	Sell signal: 0.5833
[11/30/2021 15:38:31.537 train.py: 94] Step: 11	Hold signal: 0.1007 	Buy signal: 0.2287 	Sell signal: 0.6706
[11/30/2021 15:38:31.557 train.py: 94] Step: 12	Hold signal: 0.1286 	Buy signal: 0.1933 	Sell signal: 0.6781
[11/30/2021 15:38:31.557 train.py: 95] 		'Buy' is an exploration.
[11/30/2021 15:38:31.557 train.py:110] Buy: $1116.48
[11/30/2021 15:38:31.577 train.py: 94] Step: 13	Hold signal: 0.08343 	Buy signal: 0.1953 	Sell signal: 0.7213
[11/30/2021 15:38:31.577 train.py:110] Sell: $1091.76 | Profit: $-24.72
[11/30/2021 15:38:31.601 train.py: 94] Step: 14	Hold signal: 0.1078 	Buy signal: 0.3346 	Sell signal: 0.5576
[11/30/2021 15:38:31.619 train.py: 94] Step: 15	Hold signal: 0.113 	Buy signal: 0.225 	Sell signal: 0.6619
[11/30/2021 15:38:31.619 train.py: 95] 		'Hold' is an exploration.
[11/30/2021 15:38:31.637 train.py: 94] Step: 16	Hold signal: 0.1187 	Buy signal: 0.246 	Sell signal: 0.6353
[11/30/2021 15:38:31.637 train.py: 95] 		'Hold' is an exploration.
[11/30/2021 15:38:31.655 train.py: 94] Step: 17	Hold signal: 0.129 	Buy signal: 0.2257 	Sell signal: 0.6453
[11/30/2021 15:38:31.673 train.py: 94] Step: 18	Hold signal: 0.09115 	Buy signal: 0.1887 	Sell signal: 0.7202
[11/30/2021 15:38:31.673 train.py: 95] 		'Hold' is an exploration.
[11/30/2021 15:38:31.691 train.py: 94] Step: 19	Hold signal: 0.1078 	Buy signal: 0.1957 	Sell signal: 0.6966
[11/30/2021 15:38:31.691 train.py: 95] 		'Hold' is an exploration.
[11/30/2021 15:38:31.709 train.py: 94] Step: 20	Hold signal: 0.05403 	Buy signal: 0.1646 	Sell signal: 0.7814
[11/30/2021 15:38:31.728 train.py: 94] Step: 21	Hold signal: 0.1689 	Buy signal: 0.2721 	Sell signal: 0.559
[11/30/2021 15:38:31.728 train.py: 95] 		'Hold' is an exploration.
[11/30/2021 15:38:31.749 train.py: 94] Step: 22	Hold signal: 0.1458 	Buy signal: 0.3053 	Sell signal: 0.5489
[11/30/2021 15:38:31.766 train.py: 94] Step: 23	Hold signal: 0.1354 	Buy signal: 0.2077 	Sell signal: 0.6569
[11/30/2021 15:38:31.789 train.py: 94] Step: 24	Hold signal: 0.06596 	Buy signal: 0.166 	Sell signal: 0.768
[11/30/2021 15:38:31.807 train.py: 94] Step: 25	Hold signal: 0.09814 	Buy signal: 0.2084 	Sell signal: 0.6935
[11/30/2021 15:38:31.807 train.py: 95] 		'Hold' is an exploration.
[11/30/2021 15:38:31.824 train.py: 94] Step: 26	Hold signal: 0.1037 	Buy signal: 0.2535 	Sell signal: 0.6428
[11/30/2021 15:38:31.841 train.py: 94] Step: 27	Hold signal: 0.1649 	Buy signal: 0.2573 	Sell signal: 0.5778
[11/30/2021 15:38:31.858 train.py: 94] Step: 28	Hold signal: 0.1195 	Buy signal: 0.2323 	Sell signal: 0.6481
[11/30/2021 15:38:31.875 train.py: 94] Step: 29	Hold signal: 0.06142 	Buy signal: 0.1537 	Sell signal: 0.7849
[11/30/2021 15:38:31.875 train.py: 95] 		'Hold' is an exploration.
[11/30/2021 15:38:31.892 train.py: 94] Step: 30	Hold signal: 0.1075 	Buy signal: 0.2246 	Sell signal: 0.6679
[11/30/2021 15:38:31.909 train.py: 94] Step: 31	Hold signal: 0.1006 	Buy signal: 0.2542 	Sell signal: 0.6452
[11/30/2021 15:38:31.909 train.py: 95] 		'Hold' is an exploration.
[11/30/2021 15:38:31.926 train.py: 94] Step: 32	Hold signal: 0.1883 	Buy signal: 0.273 	Sell signal: 0.5386
[11/30/2021 15:38:31.944 train.py: 94] Step: 33	Hold signal: 0.09418 	Buy signal: 0.2382 	Sell signal: 0.6676
[11/30/2021 15:38:31.944 train.py: 95] 		'Hold' is an exploration.
[11/30/2021 15:38:31.966 train.py: 94] Step: 34	Hold signal: 0.1506 	Buy signal: 0.2187 	Sell signal: 0.6307
[11/30/2021 15:38:31.966 train.py: 95] 		'Buy' is an exploration.
[11/30/2021 15:38:31.966 train.py:110] Buy: $1094.60
[11/30/2021 15:38:31.985 train.py: 94] Step: 35	Hold signal: 0.07735 	Buy signal: 0.201 	Sell signal: 0.7216
[11/30/2021 15:38:31.985 train.py: 95] 		'Buy' is an exploration.
[11/30/2021 15:38:31.985 train.py:110] Buy: $1105.24
[11/30/2021 15:38:32.003 train.py: 94] Step: 36	Hold signal: 0.1186 	Buy signal: 0.3754 	Sell signal: 0.506
[11/30/2021 15:38:32.003 train.py:110] Sell: $1102.94 | Profit: $8.34
[11/30/2021 15:38:32.022 train.py: 94] Step: 37	Hold signal: 0.106 	Buy signal: 0.4284 	Sell signal: 0.4655
[11/30/2021 15:38:32.022 train.py: 95] 		'Hold' is an exploration.
[11/30/2021 15:38:32.043 train.py: 94] Step: 38	Hold signal: 0.1289 	Buy signal: 0.4627 	Sell signal: 0.4083
[11/30/2021 15:38:32.043 train.py: 95] 		'Sell' is an exploration.
[11/30/2021 15:38:32.043 train.py:110] Sell: $1115.71 | Profit: $10.47
[11/30/2021 15:38:32.063 train.py: 94] Step: 39	Hold signal: 0.1314 	Buy signal: 0.4068 	Sell signal: 0.4617
[11/30/2021 15:38:32.064 train.py: 95] 		'Buy' is an exploration.
[11/30/2021 15:38:32.064 train.py:110] Buy: $1118.31
[11/30/2021 15:38:32.086 train.py: 94] Step: 40	Hold signal: 0.1324 	Buy signal: 0.2195 	Sell signal: 0.6481
[11/30/2021 15:38:32.086 train.py: 95] 		'Hold' is an exploration.
[11/30/2021 15:38:32.109 train.py: 94] Step: 41	Hold signal: 0.1194 	Buy signal: 0.4208 	Sell signal: 0.4597
[11/30/2021 15:38:32.109 train.py: 95] 		'Hold' is an exploration.
[11/30/2021 15:38:32.129 train.py: 94] Step: 42	Hold signal: 0.1177 	Buy signal: 0.4333 	Sell signal: 0.449
[11/30/2021 15:38:32.130 train.py:110] Sell: $1138.70 | Profit: $20.39
[11/30/2021 15:38:32.150 train.py: 94] Step: 43	Hold signal: 0.1051 	Buy signal: 0.4254 	Sell signal: 0.4695
[11/30/2021 15:38:32.150 train.py: 95] 		'Buy' is an exploration.
[11/30/2021 15:38:32.150 train.py:110] Buy: $1138.50
[11/30/2021 15:38:32.174 train.py: 94] Step: 44	Hold signal: 0.1325 	Buy signal: 0.2447 	Sell signal: 0.6228
[11/30/2021 15:38:32.174 train.py:110] Sell: $1140.45 | Profit: $1.95
[11/30/2021 15:38:32.192 train.py: 94] Step: 45	Hold signal: 0.1052 	Buy signal: 0.4392 	Sell signal: 0.4556
[11/30/2021 15:38:32.209 train.py: 94] Step: 46	Hold signal: 0.1347 	Buy signal: 0.2477 	Sell signal: 0.6176
[11/30/2021 15:38:32.209 train.py: 95] 		'Hold' is an exploration.
[11/30/2021 15:38:32.225 train.py: 94] Step: 47	Hold signal: 0.1145 	Buy signal: 0.2339 	Sell signal: 0.6515
[11/30/2021 15:38:32.226 train.py: 95] 		'Buy' is an exploration.
[11/30/2021 15:38:32.226 train.py:110] Buy: $1149.99
[11/30/2021 15:38:32.243 train.py: 94] Step: 48	Hold signal: 0.1109 	Buy signal: 0.2227 	Sell signal: 0.6664
[11/30/2021 15:38:32.243 train.py: 95] 		'Buy' is an exploration.
[11/30/2021 15:38:32.243 train.py:110] Buy: $1150.51
[11/30/2021 15:38:32.262 train.py: 94] Step: 49	Hold signal: 0.1088 	Buy signal: 0.4182 	Sell signal: 0.473
[11/30/2021 15:38:32.262 train.py: 95] 		'Hold' is an exploration.
[11/30/2021 15:38:32.280 train.py: 94] Step: 50	Hold signal: 0.1151 	Buy signal: 0.3835 	Sell signal: 0.5014
[11/30/2021 15:38:32.280 train.py:110] Sell: $1166.21 | Profit: $16.22
[11/30/2021 15:38:32.301 train.py: 94] Step: 51	Hold signal: 0.1242 	Buy signal: 0.4296 	Sell signal: 0.4462
[11/30/2021 15:38:32.301 train.py: 95] 		'Buy' is an exploration.
[11/30/2021 15:38:32.301 train.py:110] Buy: $1165.83
[11/30/2021 15:38:32.320 train.py: 94] Step: 52	Hold signal: 0.1082 	Buy signal: 0.474 	Sell signal: 0.4178
[11/30/2021 15:38:32.320 train.py: 95] 		'Sell' is an exploration.
[11/30/2021 15:38:32.320 train.py:110] Sell: $1159.90 | Profit: $9.39
[11/30/2021 15:38:32.344 train.py: 94] Step: 53	Hold signal: 0.1168 	Buy signal: 0.433 	Sell signal: 0.4502
[11/30/2021 15:38:32.344 train.py:110] Sell: $1165.81 | Profit: $-0.02
[11/30/2021 15:38:32.362 train.py: 94] Step: 54	Hold signal: 0.1116 	Buy signal: 0.3407 	Sell signal: 0.5477
[11/30/2021 15:38:32.362 train.py: 95] 		'Hold' is an exploration.
[11/30/2021 15:38:32.380 train.py: 94] Step: 55	Hold signal: 0.09521 	Buy signal: 0.2031 	Sell signal: 0.7017
[11/30/2021 15:38:32.380 train.py: 95] 		'Buy' is an exploration.
[11/30/2021 15:38:32.380 train.py:110] Buy: $1167.72
[11/30/2021 15:38:32.398 train.py: 94] Step: 56	Hold signal: 0.136 	Buy signal: 0.2668 	Sell signal: 0.5973
[11/30/2021 15:38:32.398 train.py:110] Sell: $1165.73 | Profit: $-1.99
[11/30/2021 15:38:32.416 train.py: 94] Step: 57	Hold signal: 0.1137 	Buy signal: 0.4304 	Sell signal: 0.4559
[11/30/2021 15:38:32.416 train.py: 95] 		'Buy' is an exploration.
[11/30/2021 15:38:32.416 train.py:110] Buy: $1166.59
[11/30/2021 15:38:32.434 train.py: 94] Step: 58	Hold signal: 0.08554 	Buy signal: 0.1744 	Sell signal: 0.7401
[11/30/2021 15:38:32.434 train.py: 95] 		'Buy' is an exploration.
[11/30/2021 15:38:32.434 train.py:110] Buy: $1173.22
[11/30/2021 15:38:32.455 train.py: 94] Step: 59	Hold signal: 0.1204 	Buy signal: 0.3553 	Sell signal: 0.5244
[11/30/2021 15:38:32.455 train.py:110] Sell: $1173.27 | Profit: $6.68
[11/30/2021 15:38:32.474 train.py: 94] Step: 60	Hold signal: 0.1153 	Buy signal: 0.4902 	Sell signal: 0.3945
[11/30/2021 15:38:32.475 train.py:110] Buy: $1169.43
[11/30/2021 15:38:32.495 train.py: 94] Step: 61	Hold signal: 0.1053 	Buy signal: 0.4874 	Sell signal: 0.4073
[11/30/2021 15:38:32.496 train.py: 95] 		'Hold' is an exploration.
[11/30/2021 15:38:32.496 train.py:110] Hold
[11/30/2021 15:38:36.630 train.py:130] Episode: 1	Loss: 2033.19	Action: Hold	Reward: 78.15	Balance: 48895.17	Number of Stocks: 1
[11/30/2021 15:38:36.651 train.py: 94] Step: 62	Hold signal: 1.081e-11 	Buy signal: 4.675e-06 	Sell signal: 1.0
[11/30/2021 15:38:36.651 train.py: 95] 		'Hold' is an exploration.
[11/30/2021 15:38:40.568 train.py:130] Episode: 1	Loss: 2076.41	Action: Hold	Reward: 78.98	Balance: 48895.17	Number of Stocks: 1
[11/30/2021 15:38:40.587 train.py: 94] Step: 63	Hold signal: 3.027e-15 	Buy signal: 4.849e-08 	Sell signal: 1.0
[11/30/2021 15:38:40.588 train.py: 95] 		'Hold' is an exploration.
[11/30/2021 15:38:44.656 train.py:130] Episode: 1	Loss: 2182.98	Action: Hold	Reward: 80.98	Balance: 48895.17	Number of Stocks: 1
[11/30/2021 15:38:44.677 train.py: 94] Step: 64	Hold signal: 1.346e-14 	Buy signal: 1.068e-07 	Sell signal: 1.0
[11/30/2021 15:38:44.678 train.py: 95] 		'Buy' is an exploration.
[11/30/2021 15:38:44.678 train.py:110] Buy: $1182.45
[11/30/2021 15:38:48.675 train.py:130] Episode: 1	Loss: 2005.69	Action: Buy	Reward: 77.62	Balance: 47712.72	Number of Stocks: 2
[11/30/2021 15:38:48.725 train.py: 94] Step: 65	Hold signal: 3.757e-14 	Buy signal: 2.123e-07 	Sell signal: 1.0
[11/30/2021 15:38:48.725 train.py: 95] 		'Hold' is an exploration.
[11/30/2021 15:38:53.967 train.py:130] Episode: 1	Loss: 2241.52	Action: Hold	Reward: 82.05	Balance: 47712.72	Number of Stocks: 2
[11/30/2021 15:38:53.988 train.py: 94] Step: 66	Hold signal: 1.712e-14 	Buy signal: 1.518e-07 	Sell signal: 1.0
[11/30/2021 15:38:53.988 train.py:110] Sell: $1194.37 | Profit: $24.94
[11/30/2021 15:38:58.447 train.py:130] Episode: 1	Loss: 5321.42	Action: Sell	Reward: 126.40	Balance: 48907.09	Number of Stocks: 1
[11/30/2021 15:38:58.467 train.py: 94] Step: 67	Hold signal: 3.077e-15 	Buy signal: 6.092e-08 	Sell signal: 1.0
[11/30/2021 15:38:58.467 train.py: 95] 		'Buy' is an exploration.
[11/30/2021 15:38:58.467 train.py:110] Buy: $1196.48
[11/30/2021 15:39:02.746 train.py:130] Episode: 1	Loss: 3572.12	Action: Buy	Reward: 103.57	Balance: 47710.61	Number of Stocks: 2
[11/30/2021 15:39:02.801 train.py: 94] Step: 68	Hold signal: 4.263e-15 	Buy signal: 5.757e-08 	Sell signal: 1.0
[11/30/2021 15:39:02.802 train.py: 95] 		'Buy' is an exploration.
[11/30/2021 15:39:02.804 train.py:110] Buy: $1197.30
[11/30/2021 15:39:08.602 train.py:130] Episode: 1	Loss: 3686.21	Action: Buy	Reward: 105.21	Balance: 46513.31	Number of Stocks: 3
[11/30/2021 15:39:08.622 train.py: 94] Step: 69	Hold signal: 1.139e-14 	Buy signal: 1.258e-07 	Sell signal: 1.0
[11/30/2021 15:39:08.622 train.py: 95] 		'Buy' is an exploration.
[11/30/2021 15:39:08.622 train.py:110] Buy: $1210.65
[11/30/2021 15:39:12.971 train.py:130] Episode: 1	Loss: 7028.64	Action: Buy	Reward: 145.26	Balance: 45302.66	Number of Stocks: 4
[11/30/2021 15:39:12.994 train.py: 94] Step: 70	Hold signal: 9.181e-15 	Buy signal: 1.049e-07 	Sell signal: 1.0
[11/30/2021 15:39:12.995 train.py: 95] 		'Buy' is an exploration.
[11/30/2021 15:39:12.995 train.py:110] Buy: $1211.67
[11/30/2021 15:39:17.537 train.py:130] Episode: 1	Loss: 7429.16	Action: Buy	Reward: 149.34	Balance: 44090.99	Number of Stocks: 5
[11/30/2021 15:39:17.561 train.py: 94] Step: 71	Hold signal: 3.035e-15 	Buy signal: 6.506e-08 	Sell signal: 1.0
[11/30/2021 15:39:17.561 train.py:110] Sell: $1192.13 | Profit: $9.68
[11/30/2021 15:39:22.236 train.py:130] Episode: 1	Loss: 1251.33	Action: Sell	Reward: 61.32	Balance: 45283.12	Number of Stocks: 4
[11/30/2021 15:39:22.259 train.py: 94] Step: 72	Hold signal: 3.042e-14 	Buy signal: 2.005e-07 	Sell signal: 1.0
[11/30/2021 15:39:22.259 train.py: 95] 		'Hold' is an exploration.
[11/30/2021 15:39:26.889 train.py:130] Episode: 1	Loss: 1623.27	Action: Hold	Reward: 69.83	Balance: 45283.12	Number of Stocks: 4
[11/30/2021 15:39:26.934 train.py: 94] Step: 73	Hold signal: 9.328e-15 	Buy signal: 1.233e-07 	Sell signal: 1.0
[11/30/2021 15:39:26.934 train.py:110] Sell: $1207.17 | Profit: $10.69
[11/30/2021 15:39:31.027 train.py:130] Episode: 1	Loss: 4997.18	Action: Sell	Reward: 122.49	Balance: 46490.29	Number of Stocks: 3
[11/30/2021 15:39:31.048 train.py: 94] Step: 74	Hold signal: 6.821e-15 	Buy signal: 9.959e-08 	Sell signal: 1.0
[11/30/2021 15:39:31.048 train.py: 95] 		'Buy' is an exploration.
[11/30/2021 15:39:31.048 train.py:110] Buy: $1205.94
[11/30/2021 15:39:35.572 train.py:130] Episode: 1	Loss: 3892.29	Action: Buy	Reward: 108.11	Balance: 45284.35	Number of Stocks: 4
[11/30/2021 15:39:35.594 train.py: 94] Step: 75	Hold signal: 5.604e-15 	Buy signal: 9.372e-08 	Sell signal: 1.0
[11/30/2021 15:39:35.594 train.py: 95] 		'Hold' is an exploration.
[11/30/2021 15:39:40.365 train.py:130] Episode: 1	Loss: 4455.54	Action: Hold	Reward: 115.66	Balance: 45284.35	Number of Stocks: 4
[11/30/2021 15:39:40.387 train.py: 94] Step: 76	Hold signal: 3.62e-15 	Buy signal: 8.007e-08 	Sell signal: 1.0
[11/30/2021 15:39:40.387 train.py: 95] 		'Hold' is an exploration.
[11/30/2021 15:39:44.597 train.py:130] Episode: 1	Loss: 7505.41	Action: Hold	Reward: 150.10	Balance: 45284.35	Number of Stocks: 4
[11/30/2021 15:39:44.616 train.py: 94] Step: 77	Hold signal: 7.256e-16 	Buy signal: 3.129e-08 	Sell signal: 1.0
[11/30/2021 15:39:44.616 train.py: 95] 		'Buy' is an exploration.
[11/30/2021 15:39:44.616 train.py:110] Buy: $1212.05
[11/30/2021 15:39:49.581 train.py:130] Episode: 1	Loss: 5852.09	Action: Buy	Reward: 132.55	Balance: 44072.30	Number of Stocks: 5
[11/30/2021 15:39:49.606 train.py: 94] Step: 78	Hold signal: 4.531e-15 	Buy signal: 8.995e-08 	Sell signal: 1.0
[11/30/2021 15:39:49.606 train.py: 95] 		'Buy' is an exploration.
[11/30/2021 15:39:49.606 train.py:110] Buy: $1183.71
[11/30/2021 15:39:55.057 train.py:130] Episode: 1	Loss: 28.22	Action: Buy	Reward: -9.15	Balance: 42888.59	Number of Stocks: 6
[11/30/2021 15:39:55.151 train.py: 94] Step: 79	Hold signal: 1.892e-14 	Buy signal: 1.84e-07 	Sell signal: 1.0
[11/30/2021 15:39:55.152 train.py:110] Sell: $1191.36 | Profit: $-5.94
[11/30/2021 15:40:01.033 train.py:130] Episode: 1	Loss: 315.39	Action: Sell	Reward: 30.81	Balance: 44079.95	Number of Stocks: 5
[11/30/2021 15:40:01.062 train.py: 94] Step: 80	Hold signal: 8.818e-15 	Buy signal: 1.125e-07 	Sell signal: 1.0
[11/30/2021 15:40:01.062 train.py:110] Sell: $1206.78 | Profit: $-3.87
[11/30/2021 15:40:05.858 train.py:130] Episode: 1	Loss: 4028.20	Action: Sell	Reward: 109.98	Balance: 45286.73	Number of Stocks: 4
[11/30/2021 15:40:05.878 train.py: 94] Step: 81	Hold signal: 1.648e-14 	Buy signal: 1.366e-07 	Sell signal: 1.0
[11/30/2021 15:40:05.878 train.py: 95] 		'Hold' is an exploration.
[11/30/2021 15:40:10.076 train.py:130] Episode: 1	Loss: 301.47	Action: Hold	Reward: 30.12	Balance: 45286.73	Number of Stocks: 4
[11/30/2021 15:40:10.108 train.py: 94] Step: 82	Hold signal: 3.648e-14 	Buy signal: 1.844e-07 	Sell signal: 1.0
[11/30/2021 15:40:10.108 train.py: 95] 		'Hold' is an exploration.
[11/30/2021 15:40:14.827 train.py:130] Episode: 1	Loss: 2843.08	Action: Hold	Reward: 92.40	Balance: 45286.73	Number of Stocks: 4
[11/30/2021 15:40:14.866 train.py: 94] Step: 83	Hold signal: 8.772e-15 	Buy signal: 8.119e-08 	Sell signal: 1.0
[11/30/2021 15:40:14.866 train.py: 95] 		'Buy' is an exploration.
[11/30/2021 15:40:14.867 train.py:110] Buy: $1173.60
[11/30/2021 15:40:19.495 train.py:130] Episode: 1	Loss: 119.33	Action: Buy	Reward: -18.87	Balance: 44113.13	Number of Stocks: 5
[11/30/2021 15:40:19.519 train.py: 94] Step: 84	Hold signal: 9.482e-15 	Buy signal: 8.04e-08 	Sell signal: 1.0
[11/30/2021 15:40:19.520 train.py:110] Sell: $1165.87 | Profit: $-45.80
[11/30/2021 15:40:24.372 train.py:130] Episode: 1	Loss: 3561.80	Action: Sell	Reward: -103.32	Balance: 45279.00	Number of Stocks: 4
[11/30/2021 15:40:24.390 train.py: 94] Step: 85	Hold signal: 9.637e-14 	Buy signal: 2.416e-07 	Sell signal: 1.0
[11/30/2021 15:40:24.390 train.py: 95] 		'Hold' is an exploration.
[11/30/2021 15:40:28.915 train.py:130] Episode: 1	Loss: 14955.27	Action: Hold	Reward: -211.77	Balance: 45279.00	Number of Stocks: 4
[11/30/2021 15:40:28.937 train.py: 94] Step: 86	Hold signal: 1.327e-13 	Buy signal: 2.672e-07 	Sell signal: 1.0
[11/30/2021 15:40:28.937 train.py:110] Sell: $1110.88 | Profit: $-95.06
[11/30/2021 15:40:34.407 train.py:130] Episode: 1	Loss: 46274.44	Action: Sell	Reward: -372.54	Balance: 46389.88	Number of Stocks: 3
[11/30/2021 15:40:34.439 train.py: 94] Step: 87	Hold signal: 1.245e-12 	Buy signal: 7.656e-07 	Sell signal: 1.0
[11/30/2021 15:40:34.439 train.py: 95] 		'Hold' is an exploration.
[11/30/2021 15:40:39.883 train.py:130] Episode: 1	Loss: 6023.65	Action: Hold	Reward: -134.38	Balance: 46389.88	Number of Stocks: 3
[11/30/2021 15:40:39.909 train.py: 94] Step: 88	Hold signal: 2.968e-13 	Buy signal: 3.85e-07 	Sell signal: 1.0
[11/30/2021 15:40:39.909 train.py: 95] 		'Buy' is an exploration.
[11/30/2021 15:40:39.909 train.py:110] Buy: $1155.79
[11/30/2021 15:40:44.864 train.py:130] Episode: 1	Loss: 6797.28	Action: Buy	Reward: -142.75	Balance: 45234.09	Number of Stocks: 4
[11/30/2021 15:40:44.912 train.py: 94] Step: 89	Hold signal: 8.888e-13 	Buy signal: 4.525e-07 	Sell signal: 1.0
[11/30/2021 15:40:44.912 train.py:110] Sell: $1171.67 | Profit: $-40.38
[11/30/2021 15:40:50.612 train.py:130] Episode: 1	Loss: 4772.84	Action: Sell	Reward: -119.61	Balance: 46405.76	Number of Stocks: 3
[11/30/2021 15:40:50.633 train.py: 94] Step: 90	Hold signal: 2.392e-12 	Buy signal: 8.201e-07 	Sell signal: 1.0
[11/30/2021 15:40:50.633 train.py:110] Sell: $1157.44 | Profit: $-26.27
[11/30/2021 15:40:55.860 train.py:130] Episode: 1	Loss: 7325.06	Action: Sell	Reward: -148.19	Balance: 47563.20	Number of Stocks: 2
[11/30/2021 15:40:55.883 train.py: 94] Step: 91	Hold signal: 4.864e-12 	Buy signal: 1.095e-06 	Sell signal: 1.0
[11/30/2021 15:40:55.884 train.py: 95] 		'Buy' is an exploration.
[11/30/2021 15:40:55.884 train.py:110] Buy: $1135.68
[11/30/2021 15:41:00.118 train.py:130] Episode: 1	Loss: 9128.99	Action: Buy	Reward: -165.44	Balance: 46427.52	Number of Stocks: 3
[11/30/2021 15:41:00.138 train.py: 94] Step: 92	Hold signal: 1.472e-11 	Buy signal: 1.592e-06 	Sell signal: 1.0
[11/30/2021 15:41:00.139 train.py:110] Sell: $1136.94 | Profit: $-36.66
[11/30/2021 15:41:05.083 train.py:130] Episode: 1	Loss: 13116.94	Action: Sell	Reward: -198.32	Balance: 47564.46	Number of Stocks: 2
[11/30/2021 15:41:05.117 train.py: 94] Step: 93	Hold signal: 2.242e-11 	Buy signal: 2.282e-06 	Sell signal: 1.0
[11/30/2021 15:41:05.117 train.py: 95] 		'Buy' is an exploration.
[11/30/2021 15:41:05.117 train.py:110] Buy: $1120.80
[11/30/2021 15:41:09.979 train.py:130] Episode: 1	Loss: 12544.06	Action: Buy	Reward: -193.94	Balance: 46443.66	Number of Stocks: 3
[11/30/2021 15:41:09.999 train.py: 94] Step: 94	Hold signal: 1.771e-10 	Buy signal: 4.683e-06 	Sell signal: 1.0
[11/30/2021 15:41:09.999 train.py: 95] 		'Buy' is an exploration.
[11/30/2021 15:41:10.000 train.py:110] Buy: $1115.05
[11/30/2021 15:41:15.929 train.py:130] Episode: 1	Loss: 14874.14	Action: Buy	Reward: -211.19	Balance: 45328.61	Number of Stocks: 4
[11/30/2021 15:41:15.987 train.py: 94] Step: 95	Hold signal: 3.402e-10 	Buy signal: 8.454e-06 	Sell signal: 1.0
[11/30/2021 15:41:15.987 train.py: 95] 		'Hold' is an exploration.
[11/30/2021 15:41:22.280 train.py:130] Episode: 1	Loss: 50297.72	Action: Hold	Reward: -388.40	Balance: 45328.61	Number of Stocks: 4
[11/30/2021 15:41:22.363 train.py: 94] Step: 96	Hold signal: 6.404e-08 	Buy signal: 0.0001306 	Sell signal: 0.9999
[11/30/2021 15:41:22.363 train.py:110] Sell: $1087.69 | Profit: $-68.10
[11/30/2021 15:41:28.078 train.py:130] Episode: 1	Loss: 50383.48	Action: Sell	Reward: -388.73	Balance: 46416.30	Number of Stocks: 3
[11/30/2021 15:41:28.118 train.py: 94] Step: 97	Hold signal: 4.677e-17 	Buy signal: 1.228e-09 	Sell signal: 1.0
[11/30/2021 15:41:28.119 train.py:110] Sell: $1073.65 | Profit: $-62.03
[11/30/2021 15:41:32.338 train.py:130] Episode: 1	Loss: 60160.29	Action: Sell	Reward: -424.78	Balance: 47489.95	Number of Stocks: 2
[11/30/2021 15:41:32.358 train.py: 94] Step: 98	Hold signal: 1.575e-15 	Buy signal: 1.154e-08 	Sell signal: 1.0
[11/30/2021 15:41:32.358 train.py: 95] 		'Buy' is an exploration.
[11/30/2021 15:41:32.358 train.py:110] Buy: $1074.03
[11/30/2021 15:41:36.763 train.py:130] Episode: 1	Loss: 43691.08	Action: Buy	Reward: -361.99	Balance: 46415.92	Number of Stocks: 3
[11/30/2021 15:41:36.801 train.py: 94] Step: 99	Hold signal: 5.989e-17 	Buy signal: 1.584e-09 	Sell signal: 1.0
[11/30/2021 15:41:36.801 train.py:110] Sell: $1067.95 | Profit: $-52.85
[11/30/2021 15:41:40.769 train.py:130] Episode: 1	Loss: 62534.07	Action: Sell	Reward: -433.08	Balance: 47483.87	Number of Stocks: 2
[11/30/2021 15:41:40.769 train.py: 80] 
-------------------Period: 100/1509-------------------
[11/30/2021 15:41:40.788 train.py: 94] Step: 100	Hold signal: 1.132e-16 	Buy signal: 3.294e-09 	Sell signal: 1.0
[11/30/2021 15:41:40.788 train.py: 95] 		'Buy' is an exploration.
[11/30/2021 15:41:40.788 train.py:110] Buy: $1103.06
[11/30/2021 15:41:44.691 train.py:130] Episode: 1	Loss: 32045.81	Action: Buy	Reward: -310.01	Balance: 46380.81	Number of Stocks: 3
[11/30/2021 15:41:44.714 train.py: 94] Step: 101	Hold signal: 1.146e-17 	Buy signal: 7.397e-10 	Sell signal: 1.0
[11/30/2021 15:41:44.714 train.py: 95] 		'Hold' is an exploration.
[11/30/2021 15:41:48.635 train.py:130] Episode: 1	Loss: 41880.12	Action: Hold	Reward: -354.41	Balance: 46380.81	Number of Stocks: 3
[11/30/2021 15:41:48.652 train.py: 94] Step: 102	Hold signal: 2.704e-17 	Buy signal: 1.801e-09 	Sell signal: 1.0
[11/30/2021 15:41:48.653 train.py: 95] 		'Buy' is an exploration.
[11/30/2021 15:41:48.653 train.py:110] Buy: $1070.71
[11/30/2021 15:41:52.487 train.py:130] Episode: 1	Loss: 55246.37	Action: Buy	Reward: -407.06	Balance: 45310.10	Number of Stocks: 4
[11/30/2021 15:41:52.510 train.py: 94] Step: 103	Hold signal: 5.266e-16 	Buy signal: 9.686e-09 	Sell signal: 1.0
[11/30/2021 15:41:52.510 train.py: 95] 		'Buy' is an exploration.
[11/30/2021 15:41:52.510 train.py:110] Buy: $1098.38
[11/30/2021 15:41:58.174 train.py:130] Episode: 1	Loss: 29290.35	Action: Buy	Reward: -296.38	Balance: 44211.72	Number of Stocks: 5
[11/30/2021 15:41:58.207 train.py: 94] Step: 104	Hold signal: 8.662e-18 	Buy signal: 1.456e-09 	Sell signal: 1.0
[11/30/2021 15:41:58.207 train.py:110] Sell: $1102.83 | Profit: $-12.22
[11/30/2021 15:42:02.333 train.py:130] Episode: 1	Loss: 27341.81	Action: Sell	Reward: -286.35	Balance: 45314.55	Number of Stocks: 4
[11/30/2021 15:42:02.353 train.py: 94] Step: 105	Hold signal: 1.51e-18 	Buy signal: 4.248e-10 	Sell signal: 1.0
[11/30/2021 15:42:02.354 train.py: 95] 		'Hold' is an exploration.
[11/30/2021 15:42:07.814 train.py:130] Episode: 1	Loss: 61446.77	Action: Hold	Reward: -429.30	Balance: 45314.55	Number of Stocks: 4
[11/30/2021 15:42:07.847 train.py: 94] Step: 106	Hold signal: 5.159e-18 	Buy signal: 1.4e-09 	Sell signal: 1.0
[11/30/2021 15:42:07.847 train.py:110] Sell: $1050.47 | Profit: $-23.56
[11/30/2021 15:42:13.675 train.py:130] Episode: 1	Loss: 85744.10	Action: Sell	Reward: -507.13	Balance: 46365.02	Number of Stocks: 3
[11/30/2021 15:42:13.733 train.py: 94] Step: 107	Hold signal: 1.856e-17 	Buy signal: 2.863e-09 	Sell signal: 1.0
[11/30/2021 15:42:13.733 train.py:110] Sell: $1062.00 | Profit: $-41.06
[11/30/2021 15:42:18.404 train.py:130] Episode: 1	Loss: 80062.95	Action: Sell	Reward: -490.04	Balance: 47427.02	Number of Stocks: 2
[11/30/2021 15:42:18.466 train.py: 94] Step: 108	Hold signal: 1.193e-20 	Buy signal: 5.627e-11 	Sell signal: 1.0
[11/30/2021 15:42:18.466 train.py:110] Sell: $1055.69 | Profit: $-15.02
[11/30/2021 15:42:24.321 train.py:130] Episode: 1	Loss: 75738.34	Action: Sell	Reward: -476.62	Balance: 48482.71	Number of Stocks: 1
[11/30/2021 15:42:24.341 train.py: 94] Step: 109	Hold signal: 6.665e-19 	Buy signal: 5.712e-10 	Sell signal: 1.0
[11/30/2021 15:42:24.342 train.py:110] Sell: $1086.84 | Profit: $-11.54
[11/30/2021 15:42:29.208 train.py:130] Episode: 1	Loss: 65133.34	Action: Sell	Reward: -441.99	Balance: 49569.55	Number of Stocks: 0
[11/30/2021 15:42:29.240 train.py: 94] Step: 110	Hold signal: 1.676e-20 	Buy signal: 8.381e-11 	Sell signal: 1.0
[11/30/2021 15:42:29.240 train.py: 95] 		'Buy' is an exploration.
[11/30/2021 15:42:29.240 train.py:110] Buy: $1091.60
[11/30/2021 15:42:33.911 train.py:130] Episode: 1	Loss: 61776.95	Action: Buy	Reward: -430.45	Balance: 48477.95	Number of Stocks: 1
